<?xml version="1.0" encoding="UTF-8"?><testsuite errors="0" failures="0" name="com.lc.df.studentapp.studentinfo.StudentCRUDTest" skipped="0" tests="4" time="36.69" timestamp="2020-05-19 05:15:28"><testcase classname="com.lc.df.studentapp.studentinfo.StudentCRUDTest" name="This test will create a new student record"/><testcase classname="com.lc.df.studentapp.studentinfo.StudentCRUDTest" name="This test will Verify if the student is added to the application"/><testcase classname="com.lc.df.studentapp.studentinfo.StudentCRUDTest" name="Update the student information and verify the updated information"/><testcase classname="com.lc.df.studentapp.studentinfo.StudentCRUDTest" name="Delete the student and verify if the student is deleted!"/></testsuite>